d:\users\doubleedge\documents\visual studio 2013\projects\projectspace\projectspace\debug\vc120.pdb
d:\users\doubleedge\documents\visual studio 2013\projects\projectspace\projectspace\debug\vc120.idb
d:\users\doubleedge\documents\visual studio 2013\projects\projectspace\projectspace\debug\camera.obj
d:\users\doubleedge\documents\visual studio 2013\projects\projectspace\projectspace\debug\entities.obj
d:\users\doubleedge\documents\visual studio 2013\projects\projectspace\projectspace\debug\errorlogger.obj
d:\users\doubleedge\documents\visual studio 2013\projects\projectspace\projectspace\debug\gamecode.obj
d:\users\doubleedge\documents\visual studio 2013\projects\projectspace\projectspace\debug\gameobject.obj
d:\users\doubleedge\documents\visual studio 2013\projects\projectspace\projectspace\debug\gametimer.obj
d:\users\doubleedge\documents\visual studio 2013\projects\projectspace\projectspace\debug\keyboardbuffer.obj
d:\users\doubleedge\documents\visual studio 2013\projects\projectspace\projectspace\debug\mydrawengine.obj
d:\users\doubleedge\documents\visual studio 2013\projects\projectspace\projectspace\debug\myinputs.obj
d:\users\doubleedge\documents\visual studio 2013\projects\projectspace\projectspace\debug\mysoundengine.obj
d:\users\doubleedge\documents\visual studio 2013\projects\projectspace\projectspace\debug\objectmanager.obj
d:\users\doubleedge\documents\visual studio 2013\projects\projectspace\projectspace\debug\shapes.obj
d:\users\doubleedge\documents\visual studio 2013\projects\projectspace\projectspace\debug\vector2d.obj
d:\users\doubleedge\documents\visual studio 2013\projects\projectspace\projectspace\debug\wincode.obj
d:\users\doubleedge\documents\visual studio 2013\projects\projectspace\projectspace\debug\projectspace.res
d:\users\doubleedge\documents\visual studio 2013\projects\projectspace\debug\projectspace.pdb
d:\users\doubleedge\documents\visual studio 2013\projects\projectspace\projectspace\debug\projectspace.tlog\cl.command.1.tlog
d:\users\doubleedge\documents\visual studio 2013\projects\projectspace\projectspace\debug\projectspace.tlog\cl.read.1.tlog
d:\users\doubleedge\documents\visual studio 2013\projects\projectspace\projectspace\debug\projectspace.tlog\cl.write.1.tlog
d:\users\doubleedge\documents\visual studio 2013\projects\projectspace\projectspace\debug\projectspace.tlog\link-cvtres.read.1.tlog
d:\users\doubleedge\documents\visual studio 2013\projects\projectspace\projectspace\debug\projectspace.tlog\link-cvtres.write.1.tlog
d:\users\doubleedge\documents\visual studio 2013\projects\projectspace\projectspace\debug\projectspace.tlog\link-rc.read.1.tlog
d:\users\doubleedge\documents\visual studio 2013\projects\projectspace\projectspace\debug\projectspace.tlog\link-rc.write.1.tlog
d:\users\doubleedge\documents\visual studio 2013\projects\projectspace\projectspace\debug\projectspace.tlog\link.command.1.tlog
d:\users\doubleedge\documents\visual studio 2013\projects\projectspace\projectspace\debug\projectspace.tlog\link.read.1.tlog
d:\users\doubleedge\documents\visual studio 2013\projects\projectspace\projectspace\debug\projectspace.tlog\link.write.1.tlog
d:\users\doubleedge\documents\visual studio 2013\projects\projectspace\projectspace\debug\projectspace.tlog\rc.command.1.tlog
d:\users\doubleedge\documents\visual studio 2013\projects\projectspace\projectspace\debug\projectspace.tlog\rc.read.1.tlog
d:\users\doubleedge\documents\visual studio 2013\projects\projectspace\projectspace\debug\projectspace.tlog\rc.write.1.tlog
