Build started 12/4/2016 5:23:50 PM.
     1>Project "C:\Users\GL15027652\Documents\Visual Studio 2013\Projects\ProjectSpace\ProjectSpace\ProjectSpace.vcxproj" on node 2 (Build target(s)).
     1>ClCompile:
         C:\Program Files (x86)\Microsoft Visual Studio 12.0\VC\bin\CL.exe /c /ZI /nologo /W3 /WX- /Od /Oy- /D WIN32 /D _DEBUG /D _WINDOWS /D _UNICODE /D UNICODE /Gm /EHsc /RTC1 /MDd /GS /fp:precise /Zc:wchar_t /Zc:forScope /Fo"Debug\\" /Fd"Debug\vc120.pdb" /Gd /TP /analyze- /errorReport:prompt entities.cpp
         entities.cpp
       Link:
         C:\Program Files (x86)\Microsoft Visual Studio 12.0\VC\bin\link.exe /ERRORREPORT:PROMPT /OUT:"C:\Users\GL15027652\Documents\Visual Studio 2013\Projects\ProjectSpace\Debug\ProjectSpace.exe" /INCREMENTAL /NOLOGO d3dx9d.lib kernel32.lib user32.lib gdi32.lib winspool.lib comdlg32.lib advapi32.lib shell32.lib ole32.lib oleaut32.lib uuid.lib odbc32.lib odbccp32.lib /MANIFEST /MANIFESTUAC:"level='asInvoker' uiAccess='false'" /manifest:embed /DEBUG /PDB:"C:\Users\GL15027652\Documents\Visual Studio 2013\Projects\ProjectSpace\Debug\ProjectSpace.pdb" /SUBSYSTEM:WINDOWS /TLBID:1 /DYNAMICBASE /NXCOMPAT /IMPLIB:"C:\Users\GL15027652\Documents\Visual Studio 2013\Projects\ProjectSpace\Debug\ProjectSpace.lib" /MACHINE:X86 Debug\ProjectSpace.res
         Debug\camera.obj
         Debug\entities.obj
         Debug\ErrorLogger.obj
         Debug\gamecode.obj
         Debug\GameObject.obj
         Debug\gametimer.obj
         Debug\KeyboardBuffer.obj
         Debug\mydrawengine.obj
         Debug\myinputs.obj
         Debug\mysoundengine.obj
         Debug\ObjectManager.obj
         Debug\Shapes.obj
         Debug\vector2D.obj
         Debug\wincode.obj
         ProjectSpace.vcxproj -> C:\Users\GL15027652\Documents\Visual Studio 2013\Projects\ProjectSpace\Debug\ProjectSpace.exe
     1>Done Building Project "C:\Users\GL15027652\Documents\Visual Studio 2013\Projects\ProjectSpace\ProjectSpace\ProjectSpace.vcxproj" (Build target(s)).

Build succeeded.

Time Elapsed 00:00:00.98
